2016-07-17 13:26:57 INFO  LogProcessor:19 - Parsing log files
2016-07-17 13:26:57 DEBUG LogProcessor:21 - creating actor system...
2016-07-17 13:26:58 DEBUG LogProcessor:25 - creating file scanner...
2016-07-17 13:26:58 DEBUG LogProcessor:29 - creating file aggregator...
2016-07-17 13:26:58 DEBUG LogProcessor:32 - creating monitor...
2016-07-17 13:26:58 DEBUG LogProcessor:38 - start scanning for log files...
2016-07-17 13:29:46 INFO  LogProcessor:19 - Parsing log files
2016-07-17 13:29:46 DEBUG LogProcessor:21 - creating actor system...
2016-07-17 13:29:47 DEBUG LogProcessor:25 - creating file scanner...
2016-07-17 13:29:47 DEBUG LogProcessor:29 - creating file aggregator...
2016-07-17 13:29:47 DEBUG LogProcessor:32 - creating monitor...
2016-07-17 13:29:47 DEBUG LogProcessor:38 - start scanning for log files...
2016-07-17 13:29:47 DEBUG LogFileParser:19 - Start parsing file: /Users/munca/akka_tests/log1.txt
2016-07-17 13:29:47 DEBUG LogFileParser:29 - Finished parsing /Users/munca/akka_tests/log1.txt
2016-07-17 13:32:35 INFO  LogProcessor:19 - Parsing log files
2016-07-17 13:32:35 DEBUG LogProcessor:21 - creating actor system...
2016-07-17 13:32:36 DEBUG LogProcessor:25 - creating file scanner...
2016-07-17 13:32:36 DEBUG LogProcessor:29 - creating file aggregator...
2016-07-17 13:32:36 DEBUG LogProcessor:32 - creating monitor...
2016-07-17 13:32:36 DEBUG LogProcessor:38 - start scanning for log files...
2016-07-17 13:32:36 DEBUG LogFileParser:19 - Start parsing file: /Users/munca/akka_tests/log1.txt
2016-07-17 13:32:36 DEBUG Aggregator:29 - Start aggregating data from /Users/munca/akka_tests/log1.txt
2016-07-17 13:32:36 DEBUG Aggregator:37 - Final data from /Users/munca/akka_tests/log1.txt: 5 lines
2016-07-17 13:32:36 DEBUG LogFileParser:29 - Finished parsing /Users/munca/akka_tests/log1.txt
2016-07-17 13:38:45 INFO  LogProcessor:19 - Parsing log files
2016-07-17 13:38:45 DEBUG LogProcessor:21 - creating actor system...
2016-07-17 13:38:46 DEBUG LogProcessor:25 - creating file scanner...
2016-07-17 13:38:46 DEBUG LogProcessor:29 - creating file aggregator...
2016-07-17 13:38:46 DEBUG LogProcessor:32 - creating monitor...
2016-07-17 13:38:46 DEBUG LogProcessor:38 - start scanning for log files...
2016-07-17 13:38:46 DEBUG FileScanner:30 - Scan request for /Users/munca/akka_tests
2016-07-17 13:38:46 DEBUG FileScanner:41 - Start parsing file: log1.txt
2016-07-17 13:38:46 DEBUG FileParser:43 - Parse message received for /Users/munca/akka_tests/log1.txt
2016-07-17 13:38:46 DEBUG FileScanner:31 - Start monitoring Actor[akka://LogProcessor/user/fileScanner/fileParser#1170918620]
2016-07-17 13:38:46 DEBUG LogFileParser:19 - Start parsing file: /Users/munca/akka_tests/log1.txt
2016-07-17 13:38:46 DEBUG Aggregator:29 - Start aggregating data from /Users/munca/akka_tests/log1.txt
2016-07-17 13:38:46 DEBUG FileParser:63 - Finished parsing /Users/munca/akka_tests/log1.txt. Cleanup
2016-07-17 13:38:46 DEBUG LogFileParser:29 - Finished parsing /Users/munca/akka_tests/log1.txt
2016-07-17 13:38:46 DEBUG Aggregator:37 - Final data from /Users/munca/akka_tests/log1.txt: 5 lines
2016-07-17 13:38:46 DEBUG FileScanner:37 - Removed Actor[akka://LogProcessor/user/fileScanner/fileParser#1170918620] from monitor
2016-07-17 13:38:46 DEBUG FileScanner:42 - Cleanup...
